2025-05-25 04:05:27,594 [Worker-1: Loading available Gradle versions] INFO  o.e.b.c.i.u.g.PublishedGradleVersions - Gradle version information cache is up-to-date. Trying to read.
2025-05-25 04:06:22,958 [Worker-9: Importing Maven projects] INFO  o.e.m.c.i.l.LifecycleMappingFactory - Using org.eclipse.m2e.jdt.JarLifecycleMapping lifecycle mapping for MavenProject: com.example:API_Melodix_TFG:0.0.1-SNAPSHOT @ D:\Proyecto Final TFG\Melodix_TFG_ProyectoCompleto\API_Melodix_TFG\pom.xml.
2025-05-25 04:06:33,179 [Worker-9: Importing Maven projects] INFO  o.e.m.j.i.AbstractJavaProjectConfigurator - Adding source folder /API_Melodix_TFG/src/main/java
2025-05-25 04:06:33,183 [Worker-9: Importing Maven projects] INFO  o.e.m.j.i.AbstractJavaProjectConfigurator - Adding resource folder /API_Melodix_TFG/src/main/resources
2025-05-25 04:06:33,202 [Worker-9: Importing Maven projects] INFO  o.e.m.j.i.AbstractJavaProjectConfigurator - Adding resource folder /API_Melodix_TFG/src/main/resources
2025-05-25 04:06:33,226 [Worker-9: Importing Maven projects] INFO  o.e.m.j.i.AbstractJavaProjectConfigurator - Adding source folder /API_Melodix_TFG/src/test/java
2025-05-25 04:06:33,229 [Worker-9: Importing Maven projects] INFO  o.e.m.j.i.AbstractJavaProjectConfigurator - Adding resource folder /API_Melodix_TFG/src/test/resources
2025-05-25 04:06:43,319 [Worker-9: Importing Maven projects] INFO  o.e.m.c.i.p.ProjectConfigurationManager - Imported and configured 1 project(s) in 31 sec
2025-05-25 04:06:43,584 [Worker-16: Updating Maven Project] INFO  o.e.m.c.i.p.ProjectConfigurationManager - Update started
2025-05-25 04:06:44,959 [Worker-21: Building] INFO  o.a.m.s.f.DefaultMavenResourcesFiltering - Copying 1 resource from src\main\resources to target\classes
2025-05-25 04:06:45,009 [Worker-21: Building] INFO  o.a.m.s.f.DefaultMavenResourcesFiltering - Copying 0 resource from src\main\resources to target\classes
2025-05-25 04:06:45,023 [Worker-21: Building] INFO  o.a.m.s.f.DefaultMavenResourcesFiltering - skip non existing resourceDirectory D:\Proyecto Final TFG\Melodix_TFG_ProyectoCompleto\API_Melodix_TFG\src\test\resources
2025-05-25 04:13:18,187 [Worker-7: Loading available Gradle versions] INFO  o.e.b.c.i.u.g.PublishedGradleVersions - Gradle version information cache is up-to-date. Trying to read.
2025-05-25 04:14:32,068 [Worker-31: Building] INFO  o.e.m.c.i.l.LifecycleMappingFactory - Using org.eclipse.m2e.jdt.JarLifecycleMapping lifecycle mapping for MavenProject: com.example:apimelodixtfg:0.0.1-SNAPSHOT @ D:\Proyecto Final TFG\Melodix_TFG_ProyectoCompleto\apimelodixtfg\pom.xml.
2025-05-25 04:14:34,462 [Worker-31: Building] INFO  o.a.m.s.f.DefaultMavenResourcesFiltering - Copying 0 resource from src\main\resources to target\classes
2025-05-25 04:14:34,463 [Worker-31: Building] INFO  o.a.m.s.f.DefaultMavenResourcesFiltering - Copying 0 resource from src\main\resources to target\classes
2025-05-25 04:14:34,473 [Worker-31: Building] INFO  o.a.m.s.f.DefaultMavenResourcesFiltering - skip non existing resourceDirectory D:\Proyecto Final TFG\Melodix_TFG_ProyectoCompleto\apimelodixtfg\src\test\resources
2025-05-25 04:14:39,578 [Worker-34: Building] INFO  o.a.m.s.f.DefaultMavenResourcesFiltering - Copying 1 resource from src\main\resources to target\classes
2025-05-25 04:14:39,597 [Worker-34: Building] INFO  o.a.m.s.f.DefaultMavenResourcesFiltering - Copying 0 resource from src\main\resources to target\classes
2025-05-25 04:14:39,603 [Worker-34: Building] INFO  o.a.m.s.f.DefaultMavenResourcesFiltering - skip non existing resourceDirectory D:\Proyecto Final TFG\Melodix_TFG_ProyectoCompleto\apimelodixtfg\src\test\resources
2025-05-25 04:19:46,235 [Worker-17: Loading available Gradle versions] INFO  o.e.b.c.i.u.g.PublishedGradleVersions - Gradle version information cache is up-to-date. Trying to read.
2025-05-25 04:20:47,006 [Worker-21: Building] INFO  o.e.m.c.i.l.LifecycleMappingFactory - Using org.eclipse.m2e.jdt.JarLifecycleMapping lifecycle mapping for MavenProject: com.example:apimelodixtfg:0.0.1-SNAPSHOT @ D:\Proyecto Final TFG\Melodix_TFG_ProyectoCompleto\apimelodixtfg\pom.xml.
2025-05-25 04:20:48,912 [Worker-21: Building] INFO  o.a.m.s.f.DefaultMavenResourcesFiltering - Copying 1 resource from src\main\resources to target\classes
2025-05-25 04:20:48,936 [Worker-21: Building] INFO  o.a.m.s.f.DefaultMavenResourcesFiltering - Copying 0 resource from src\main\resources to target\classes
2025-05-25 04:20:48,943 [Worker-21: Building] INFO  o.a.m.s.f.DefaultMavenResourcesFiltering - skip non existing resourceDirectory D:\Proyecto Final TFG\Melodix_TFG_ProyectoCompleto\apimelodixtfg\src\test\resources
2025-05-25 04:20:51,011 [Worker-11: Updating Maven Dependencies] INFO  o.e.m.c.i.l.LifecycleMappingFactory - Using org.eclipse.m2e.jdt.JarLifecycleMapping lifecycle mapping for MavenProject: com.example:apimelodixtfg:0.0.1-SNAPSHOT @ D:\Proyecto Final TFG\Melodix_TFG_ProyectoCompleto\apimelodixtfg\pom.xml.
2025-05-25 04:20:51,237 [Worker-2: Building] INFO  o.a.m.s.f.DefaultMavenResourcesFiltering - Copying 1 resource from src\main\resources to target\classes
2025-05-25 04:20:51,363 [Worker-2: Building] INFO  o.a.m.s.f.DefaultMavenResourcesFiltering - Copying 0 resource from src\main\resources to target\classes
2025-05-25 04:20:51,370 [Worker-2: Building] INFO  o.a.m.s.f.DefaultMavenResourcesFiltering - skip non existing resourceDirectory D:\Proyecto Final TFG\Melodix_TFG_ProyectoCompleto\apimelodixtfg\src\test\resources
2025-05-25 04:21:35,657 [Worker-7: Building] INFO  o.a.m.s.f.DefaultMavenResourcesFiltering - Copying 1 resource from src\main\resources to target\classes
2025-05-25 04:21:35,659 [Worker-7: Building] INFO  o.a.m.s.f.DefaultMavenResourcesFiltering - Copying 0 resource from src\main\resources to target\classes
2025-05-25 04:21:35,662 [Worker-7: Building] INFO  o.a.m.s.f.DefaultMavenResourcesFiltering - skip non existing resourceDirectory D:\Proyecto Final TFG\Melodix_TFG_ProyectoCompleto\apimelodixtfg\src\test\resources
2025-05-25 04:22:10,197 [main] INFO  o.e.m2e.actions.ExecutePomAction - Creating new launch configuration
2025-05-25 04:22:18,063 [Worker-26: Launching apimelodixtfg] INFO  o.eclipse.m2e.core.internal.Bundles - getClasspathEntries(Bundle=org.eclipse.m2e.maven.runtime_3.9.900.20240824-1409 [299])
2025-05-25 04:22:18,065 [Worker-26: Launching apimelodixtfg] INFO  o.eclipse.m2e.core.internal.Bundles - 	Entry: C:\Users\gelen\.p2\pool\plugins\org.eclipse.m2e.maven.runtime_3.9.900.20240824-1409
2025-05-25 04:22:18,066 [Worker-26: Launching apimelodixtfg] INFO  o.eclipse.m2e.core.internal.Bundles - 	Entry: C:\Users\gelen\.p2\pool\plugins\org.eclipse.m2e.maven.runtime_3.9.900.20240824-1409\jars\aopalliance-1.0.jar
2025-05-25 04:22:18,066 [Worker-26: Launching apimelodixtfg] INFO  o.eclipse.m2e.core.internal.Bundles - 	Entry: C:\Users\gelen\.p2\pool\plugins\org.eclipse.m2e.maven.runtime_3.9.900.20240824-1409\jars\guice-5.1.0.jar
2025-05-25 04:22:18,066 [Worker-26: Launching apimelodixtfg] INFO  o.eclipse.m2e.core.internal.Bundles - 	Entry: C:\Users\gelen\.p2\pool\plugins\org.eclipse.m2e.maven.runtime_3.9.900.20240824-1409\jars\httpclient-4.5.14.jar
2025-05-25 04:22:18,066 [Worker-26: Launching apimelodixtfg] INFO  o.eclipse.m2e.core.internal.Bundles - 	Entry: C:\Users\gelen\.p2\pool\plugins\org.eclipse.m2e.maven.runtime_3.9.900.20240824-1409\jars\httpcore-4.4.16.jar
2025-05-25 04:22:18,066 [Worker-26: Launching apimelodixtfg] INFO  o.eclipse.m2e.core.internal.Bundles - 	Entry: C:\Users\gelen\.p2\pool\plugins\org.eclipse.m2e.maven.runtime_3.9.900.20240824-1409\jars\jansi-2.4.1.jar
2025-05-25 04:22:18,066 [Worker-26: Launching apimelodixtfg] INFO  o.eclipse.m2e.core.internal.Bundles - 	Entry: C:\Users\gelen\.p2\pool\plugins\org.eclipse.m2e.maven.runtime_3.9.900.20240824-1409\jars\jcl-over-slf4j-1.7.36.jar
2025-05-25 04:22:18,066 [Worker-26: Launching apimelodixtfg] INFO  o.eclipse.m2e.core.internal.Bundles - 	Entry: C:\Users\gelen\.p2\pool\plugins\org.eclipse.m2e.maven.runtime_3.9.900.20240824-1409\jars\maven-artifact-3.9.9.jar
2025-05-25 04:22:18,066 [Worker-26: Launching apimelodixtfg] INFO  o.eclipse.m2e.core.internal.Bundles - 	Entry: C:\Users\gelen\.p2\pool\plugins\org.eclipse.m2e.maven.runtime_3.9.900.20240824-1409\jars\maven-builder-support-3.9.9.jar
2025-05-25 04:22:18,066 [Worker-26: Launching apimelodixtfg] INFO  o.eclipse.m2e.core.internal.Bundles - 	Entry: C:\Users\gelen\.p2\pool\plugins\org.eclipse.m2e.maven.runtime_3.9.900.20240824-1409\jars\maven-compat-3.9.9.jar
2025-05-25 04:22:18,067 [Worker-26: Launching apimelodixtfg] INFO  o.eclipse.m2e.core.internal.Bundles - 	Entry: C:\Users\gelen\.p2\pool\plugins\org.eclipse.m2e.maven.runtime_3.9.900.20240824-1409\jars\maven-core-3.9.9.jar
2025-05-25 04:22:18,067 [Worker-26: Launching apimelodixtfg] INFO  o.eclipse.m2e.core.internal.Bundles - 	Entry: C:\Users\gelen\.p2\pool\plugins\org.eclipse.m2e.maven.runtime_3.9.900.20240824-1409\jars\maven-embedder-3.9.9.jar
2025-05-25 04:22:18,067 [Worker-26: Launching apimelodixtfg] INFO  o.eclipse.m2e.core.internal.Bundles - 	Entry: C:\Users\gelen\.p2\pool\plugins\org.eclipse.m2e.maven.runtime_3.9.900.20240824-1409\jars\maven-model-3.9.9.jar
2025-05-25 04:22:18,067 [Worker-26: Launching apimelodixtfg] INFO  o.eclipse.m2e.core.internal.Bundles - 	Entry: C:\Users\gelen\.p2\pool\plugins\org.eclipse.m2e.maven.runtime_3.9.900.20240824-1409\jars\maven-model-builder-3.9.9.jar
2025-05-25 04:22:18,067 [Worker-26: Launching apimelodixtfg] INFO  o.eclipse.m2e.core.internal.Bundles - 	Entry: C:\Users\gelen\.p2\pool\plugins\org.eclipse.m2e.maven.runtime_3.9.900.20240824-1409\jars\maven-plugin-api-3.9.9.jar
2025-05-25 04:22:18,067 [Worker-26: Launching apimelodixtfg] INFO  o.eclipse.m2e.core.internal.Bundles - 	Entry: C:\Users\gelen\.p2\pool\plugins\org.eclipse.m2e.maven.runtime_3.9.900.20240824-1409\jars\maven-repository-metadata-3.9.9.jar
2025-05-25 04:22:18,067 [Worker-26: Launching apimelodixtfg] INFO  o.eclipse.m2e.core.internal.Bundles - 	Entry: C:\Users\gelen\.p2\pool\plugins\org.eclipse.m2e.maven.runtime_3.9.900.20240824-1409\jars\maven-resolver-api-1.9.22.jar
2025-05-25 04:22:18,067 [Worker-26: Launching apimelodixtfg] INFO  o.eclipse.m2e.core.internal.Bundles - 	Entry: C:\Users\gelen\.p2\pool\plugins\org.eclipse.m2e.maven.runtime_3.9.900.20240824-1409\jars\maven-resolver-connector-basic-1.9.22.jar
2025-05-25 04:22:18,067 [Worker-26: Launching apimelodixtfg] INFO  o.eclipse.m2e.core.internal.Bundles - 	Entry: C:\Users\gelen\.p2\pool\plugins\org.eclipse.m2e.maven.runtime_3.9.900.20240824-1409\jars\maven-resolver-impl-1.9.22.jar
2025-05-25 04:22:18,067 [Worker-26: Launching apimelodixtfg] INFO  o.eclipse.m2e.core.internal.Bundles - 	Entry: C:\Users\gelen\.p2\pool\plugins\org.eclipse.m2e.maven.runtime_3.9.900.20240824-1409\jars\maven-resolver-named-locks-1.9.22.jar
2025-05-25 04:22:18,067 [Worker-26: Launching apimelodixtfg] INFO  o.eclipse.m2e.core.internal.Bundles - 	Entry: C:\Users\gelen\.p2\pool\plugins\org.eclipse.m2e.maven.runtime_3.9.900.20240824-1409\jars\maven-resolver-provider-3.9.9.jar
2025-05-25 04:22:18,068 [Worker-26: Launching apimelodixtfg] INFO  o.eclipse.m2e.core.internal.Bundles - 	Entry: C:\Users\gelen\.p2\pool\plugins\org.eclipse.m2e.maven.runtime_3.9.900.20240824-1409\jars\maven-resolver-spi-1.9.22.jar
2025-05-25 04:22:18,068 [Worker-26: Launching apimelodixtfg] INFO  o.eclipse.m2e.core.internal.Bundles - 	Entry: C:\Users\gelen\.p2\pool\plugins\org.eclipse.m2e.maven.runtime_3.9.900.20240824-1409\jars\maven-resolver-transport-file-1.9.22.jar
2025-05-25 04:22:18,068 [Worker-26: Launching apimelodixtfg] INFO  o.eclipse.m2e.core.internal.Bundles - 	Entry: C:\Users\gelen\.p2\pool\plugins\org.eclipse.m2e.maven.runtime_3.9.900.20240824-1409\jars\maven-resolver-transport-http-1.9.22.jar
2025-05-25 04:22:18,068 [Worker-26: Launching apimelodixtfg] INFO  o.eclipse.m2e.core.internal.Bundles - 	Entry: C:\Users\gelen\.p2\pool\plugins\org.eclipse.m2e.maven.runtime_3.9.900.20240824-1409\jars\maven-resolver-transport-wagon-1.9.22.jar
2025-05-25 04:22:18,068 [Worker-26: Launching apimelodixtfg] INFO  o.eclipse.m2e.core.internal.Bundles - 	Entry: C:\Users\gelen\.p2\pool\plugins\org.eclipse.m2e.maven.runtime_3.9.900.20240824-1409\jars\maven-resolver-util-1.9.22.jar
2025-05-25 04:22:18,068 [Worker-26: Launching apimelodixtfg] INFO  o.eclipse.m2e.core.internal.Bundles - 	Entry: C:\Users\gelen\.p2\pool\plugins\org.eclipse.m2e.maven.runtime_3.9.900.20240824-1409\jars\maven-settings-3.9.9.jar
2025-05-25 04:22:18,068 [Worker-26: Launching apimelodixtfg] INFO  o.eclipse.m2e.core.internal.Bundles - 	Entry: C:\Users\gelen\.p2\pool\plugins\org.eclipse.m2e.maven.runtime_3.9.900.20240824-1409\jars\maven-settings-builder-3.9.9.jar
2025-05-25 04:22:18,068 [Worker-26: Launching apimelodixtfg] INFO  o.eclipse.m2e.core.internal.Bundles - 	Entry: C:\Users\gelen\.p2\pool\plugins\org.eclipse.m2e.maven.runtime_3.9.900.20240824-1409\jars\maven-shared-utils-3.4.2.jar
2025-05-25 04:22:18,068 [Worker-26: Launching apimelodixtfg] INFO  o.eclipse.m2e.core.internal.Bundles - 	Entry: C:\Users\gelen\.p2\pool\plugins\org.eclipse.m2e.maven.runtime_3.9.900.20240824-1409\jars\org.eclipse.sisu.inject-0.9.0.M3.jar
2025-05-25 04:22:18,068 [Worker-26: Launching apimelodixtfg] INFO  o.eclipse.m2e.core.internal.Bundles - 	Entry: C:\Users\gelen\.p2\pool\plugins\org.eclipse.m2e.maven.runtime_3.9.900.20240824-1409\jars\org.eclipse.sisu.plexus-0.9.0.M3.jar
2025-05-25 04:22:18,068 [Worker-26: Launching apimelodixtfg] INFO  o.eclipse.m2e.core.internal.Bundles - 	Entry: C:\Users\gelen\.p2\pool\plugins\org.eclipse.m2e.maven.runtime_3.9.900.20240824-1409\jars\plexus-build-api-0.0.7.jar
2025-05-25 04:22:18,069 [Worker-26: Launching apimelodixtfg] INFO  o.eclipse.m2e.core.internal.Bundles - 	Entry: C:\Users\gelen\.p2\pool\plugins\org.eclipse.m2e.maven.runtime_3.9.900.20240824-1409\jars\plexus-build-api-1.2.0.jar
2025-05-25 04:22:18,069 [Worker-26: Launching apimelodixtfg] INFO  o.eclipse.m2e.core.internal.Bundles - 	Entry: C:\Users\gelen\.p2\pool\plugins\org.eclipse.m2e.maven.runtime_3.9.900.20240824-1409\jars\plexus-cipher-2.0.jar
2025-05-25 04:22:18,069 [Worker-26: Launching apimelodixtfg] INFO  o.eclipse.m2e.core.internal.Bundles - 	Entry: C:\Users\gelen\.p2\pool\plugins\org.eclipse.m2e.maven.runtime_3.9.900.20240824-1409\jars\plexus-classworlds-2.8.0.jar
2025-05-25 04:22:18,069 [Worker-26: Launching apimelodixtfg] INFO  o.eclipse.m2e.core.internal.Bundles - 	Entry: C:\Users\gelen\.p2\pool\plugins\org.eclipse.m2e.maven.runtime_3.9.900.20240824-1409\jars\plexus-component-annotations-2.1.0.jar
2025-05-25 04:22:18,069 [Worker-26: Launching apimelodixtfg] INFO  o.eclipse.m2e.core.internal.Bundles - 	Entry: C:\Users\gelen\.p2\pool\plugins\org.eclipse.m2e.maven.runtime_3.9.900.20240824-1409\jars\plexus-interpolation-1.27.jar
2025-05-25 04:22:18,069 [Worker-26: Launching apimelodixtfg] INFO  o.eclipse.m2e.core.internal.Bundles - 	Entry: C:\Users\gelen\.p2\pool\plugins\org.eclipse.m2e.maven.runtime_3.9.900.20240824-1409\jars\plexus-sec-dispatcher-2.0.jar
2025-05-25 04:22:18,069 [Worker-26: Launching apimelodixtfg] INFO  o.eclipse.m2e.core.internal.Bundles - 	Entry: C:\Users\gelen\.p2\pool\plugins\org.eclipse.m2e.maven.runtime_3.9.900.20240824-1409\jars\plexus-utils-3.5.1.jar
2025-05-25 04:22:18,069 [Worker-26: Launching apimelodixtfg] INFO  o.eclipse.m2e.core.internal.Bundles - 	Entry: C:\Users\gelen\.p2\pool\plugins\org.eclipse.m2e.maven.runtime_3.9.900.20240824-1409\jars\plexus-xml-3.0.1.jar
2025-05-25 04:22:18,069 [Worker-26: Launching apimelodixtfg] INFO  o.eclipse.m2e.core.internal.Bundles - 	Entry: C:\Users\gelen\.p2\pool\plugins\org.eclipse.m2e.maven.runtime_3.9.900.20240824-1409\jars\wagon-file-3.5.3.jar
2025-05-25 04:22:18,069 [Worker-26: Launching apimelodixtfg] INFO  o.eclipse.m2e.core.internal.Bundles - 	Entry: C:\Users\gelen\.p2\pool\plugins\org.eclipse.m2e.maven.runtime_3.9.900.20240824-1409\jars\wagon-http-3.5.3.jar
2025-05-25 04:22:18,069 [Worker-26: Launching apimelodixtfg] INFO  o.eclipse.m2e.core.internal.Bundles - 	Entry: C:\Users\gelen\.p2\pool\plugins\org.eclipse.m2e.maven.runtime_3.9.900.20240824-1409\jars\wagon-http-shared-3.5.3.jar
2025-05-25 04:22:18,070 [Worker-26: Launching apimelodixtfg] INFO  o.eclipse.m2e.core.internal.Bundles - 	Entry: C:\Users\gelen\.p2\pool\plugins\org.eclipse.m2e.maven.runtime_3.9.900.20240824-1409\jars\wagon-provider-api-3.5.3.jar
2025-05-25 04:22:18,073 [Worker-26: Launching apimelodixtfg] INFO  o.eclipse.m2e.core.internal.Bundles - getClasspathEntries(Bundle=com.google.guava_33.3.0.jre [10])
2025-05-25 04:22:18,073 [Worker-26: Launching apimelodixtfg] INFO  o.eclipse.m2e.core.internal.Bundles - 	Entry: C:\Users\gelen\.p2\pool\plugins\com.google.guava_33.3.0.jre.jar
2025-05-25 04:22:18,073 [Worker-26: Launching apimelodixtfg] INFO  o.eclipse.m2e.core.internal.Bundles - getClasspathEntries(Bundle=slf4j.api_2.0.16 [521])
2025-05-25 04:22:18,073 [Worker-26: Launching apimelodixtfg] INFO  o.eclipse.m2e.core.internal.Bundles - 	Entry: C:\Users\gelen\.p2\pool\plugins\slf4j.api_2.0.16.jar
2025-05-25 04:22:18,073 [Worker-26: Launching apimelodixtfg] INFO  o.eclipse.m2e.core.internal.Bundles - getClasspathEntries(Bundle=javax.inject_1.0.0.v20091030 [548])
2025-05-25 04:22:18,073 [Worker-26: Launching apimelodixtfg] INFO  o.eclipse.m2e.core.internal.Bundles - 	Entry: C:\Users\gelen\.p2\pool\plugins\javax.inject_1.0.0.v20091030.jar
2025-05-25 04:22:18,073 [Worker-26: Launching apimelodixtfg] INFO  o.eclipse.m2e.core.internal.Bundles - getClasspathEntries(Bundle=javax.annotation_1.3.5.v20200909-1856 [547])
2025-05-25 04:22:18,073 [Worker-26: Launching apimelodixtfg] INFO  o.eclipse.m2e.core.internal.Bundles - 	Entry: C:\Users\gelen\.p2\pool\plugins\javax.annotation_1.3.5.v20200909-1856.jar
2025-05-25 04:22:18,073 [Worker-26: Launching apimelodixtfg] INFO  o.eclipse.m2e.core.internal.Bundles - getClasspathEntries(Bundle=org.apache.commons.cli_1.9.0 [47])
2025-05-25 04:22:18,074 [Worker-26: Launching apimelodixtfg] INFO  o.eclipse.m2e.core.internal.Bundles - 	Entry: C:\Users\gelen\.p2\pool\plugins\org.apache.commons.cli_1.9.0.jar
2025-05-25 04:22:18,074 [Worker-26: Launching apimelodixtfg] INFO  o.eclipse.m2e.core.internal.Bundles - getClasspathEntries(Bundle=org.apache.commons.commons-codec_1.16.0 [50])
2025-05-25 04:22:18,074 [Worker-26: Launching apimelodixtfg] INFO  o.eclipse.m2e.core.internal.Bundles - 	Entry: C:\Users\gelen\.p2\pool\plugins\org.apache.commons.commons-codec_1.16.0.jar
2025-05-25 04:22:18,074 [Worker-26: Launching apimelodixtfg] INFO  o.eclipse.m2e.core.internal.Bundles - getClasspathEntries(Bundle=com.google.guava.failureaccess_1.0.2 [11])
2025-05-25 04:22:18,076 [Worker-26: Launching apimelodixtfg] INFO  o.eclipse.m2e.core.internal.Bundles - 	Entry: C:\Users\gelen\.p2\pool\plugins\com.google.guava.failureaccess_1.0.2.jar
2025-05-25 04:22:18,079 [Worker-26: Launching apimelodixtfg] INFO  o.e.m.i.launch.MavenLaunchDelegate - Run build in "D:\Proyecto Final TFG\Melodix_TFG_ProyectoCompleto\apimelodixtfg":
2025-05-25 04:22:18,080 [Worker-26: Launching apimelodixtfg] INFO  o.e.m.i.launch.MavenLaunchDelegate -  mvn  -B -Dstyle.color=always clean install
2025-05-25 04:22:35,713 [main] INFO  o.e.m2e.actions.ExecutePomAction - Creating new launch configuration
2025-05-25 04:22:40,300 [Worker-7: Launching apimelodixtfg (1)] INFO  o.eclipse.m2e.core.internal.Bundles - getClasspathEntries(Bundle=org.eclipse.m2e.maven.runtime_3.9.900.20240824-1409 [299])
2025-05-25 04:22:40,300 [Worker-7: Launching apimelodixtfg (1)] INFO  o.eclipse.m2e.core.internal.Bundles - 	Entry: C:\Users\gelen\.p2\pool\plugins\org.eclipse.m2e.maven.runtime_3.9.900.20240824-1409
2025-05-25 04:22:40,300 [Worker-7: Launching apimelodixtfg (1)] INFO  o.eclipse.m2e.core.internal.Bundles - 	Entry: C:\Users\gelen\.p2\pool\plugins\org.eclipse.m2e.maven.runtime_3.9.900.20240824-1409\jars\aopalliance-1.0.jar
2025-05-25 04:22:40,300 [Worker-7: Launching apimelodixtfg (1)] INFO  o.eclipse.m2e.core.internal.Bundles - 	Entry: C:\Users\gelen\.p2\pool\plugins\org.eclipse.m2e.maven.runtime_3.9.900.20240824-1409\jars\guice-5.1.0.jar
2025-05-25 04:22:40,300 [Worker-7: Launching apimelodixtfg (1)] INFO  o.eclipse.m2e.core.internal.Bundles - 	Entry: C:\Users\gelen\.p2\pool\plugins\org.eclipse.m2e.maven.runtime_3.9.900.20240824-1409\jars\httpclient-4.5.14.jar
2025-05-25 04:22:40,300 [Worker-7: Launching apimelodixtfg (1)] INFO  o.eclipse.m2e.core.internal.Bundles - 	Entry: C:\Users\gelen\.p2\pool\plugins\org.eclipse.m2e.maven.runtime_3.9.900.20240824-1409\jars\httpcore-4.4.16.jar
2025-05-25 04:22:40,300 [Worker-7: Launching apimelodixtfg (1)] INFO  o.eclipse.m2e.core.internal.Bundles - 	Entry: C:\Users\gelen\.p2\pool\plugins\org.eclipse.m2e.maven.runtime_3.9.900.20240824-1409\jars\jansi-2.4.1.jar
2025-05-25 04:22:40,301 [Worker-7: Launching apimelodixtfg (1)] INFO  o.eclipse.m2e.core.internal.Bundles - 	Entry: C:\Users\gelen\.p2\pool\plugins\org.eclipse.m2e.maven.runtime_3.9.900.20240824-1409\jars\jcl-over-slf4j-1.7.36.jar
2025-05-25 04:22:40,301 [Worker-7: Launching apimelodixtfg (1)] INFO  o.eclipse.m2e.core.internal.Bundles - 	Entry: C:\Users\gelen\.p2\pool\plugins\org.eclipse.m2e.maven.runtime_3.9.900.20240824-1409\jars\maven-artifact-3.9.9.jar
2025-05-25 04:22:40,301 [Worker-7: Launching apimelodixtfg (1)] INFO  o.eclipse.m2e.core.internal.Bundles - 	Entry: C:\Users\gelen\.p2\pool\plugins\org.eclipse.m2e.maven.runtime_3.9.900.20240824-1409\jars\maven-builder-support-3.9.9.jar
2025-05-25 04:22:40,301 [Worker-7: Launching apimelodixtfg (1)] INFO  o.eclipse.m2e.core.internal.Bundles - 	Entry: C:\Users\gelen\.p2\pool\plugins\org.eclipse.m2e.maven.runtime_3.9.900.20240824-1409\jars\maven-compat-3.9.9.jar
2025-05-25 04:22:40,301 [Worker-7: Launching apimelodixtfg (1)] INFO  o.eclipse.m2e.core.internal.Bundles - 	Entry: C:\Users\gelen\.p2\pool\plugins\org.eclipse.m2e.maven.runtime_3.9.900.20240824-1409\jars\maven-core-3.9.9.jar
2025-05-25 04:22:40,301 [Worker-7: Launching apimelodixtfg (1)] INFO  o.eclipse.m2e.core.internal.Bundles - 	Entry: C:\Users\gelen\.p2\pool\plugins\org.eclipse.m2e.maven.runtime_3.9.900.20240824-1409\jars\maven-embedder-3.9.9.jar
2025-05-25 04:22:40,301 [Worker-7: Launching apimelodixtfg (1)] INFO  o.eclipse.m2e.core.internal.Bundles - 	Entry: C:\Users\gelen\.p2\pool\plugins\org.eclipse.m2e.maven.runtime_3.9.900.20240824-1409\jars\maven-model-3.9.9.jar
2025-05-25 04:22:40,301 [Worker-7: Launching apimelodixtfg (1)] INFO  o.eclipse.m2e.core.internal.Bundles - 	Entry: C:\Users\gelen\.p2\pool\plugins\org.eclipse.m2e.maven.runtime_3.9.900.20240824-1409\jars\maven-model-builder-3.9.9.jar
2025-05-25 04:22:40,301 [Worker-7: Launching apimelodixtfg (1)] INFO  o.eclipse.m2e.core.internal.Bundles - 	Entry: C:\Users\gelen\.p2\pool\plugins\org.eclipse.m2e.maven.runtime_3.9.900.20240824-1409\jars\maven-plugin-api-3.9.9.jar
2025-05-25 04:22:40,301 [Worker-7: Launching apimelodixtfg (1)] INFO  o.eclipse.m2e.core.internal.Bundles - 	Entry: C:\Users\gelen\.p2\pool\plugins\org.eclipse.m2e.maven.runtime_3.9.900.20240824-1409\jars\maven-repository-metadata-3.9.9.jar
2025-05-25 04:22:40,301 [Worker-7: Launching apimelodixtfg (1)] INFO  o.eclipse.m2e.core.internal.Bundles - 	Entry: C:\Users\gelen\.p2\pool\plugins\org.eclipse.m2e.maven.runtime_3.9.900.20240824-1409\jars\maven-resolver-api-1.9.22.jar
2025-05-25 04:22:40,301 [Worker-7: Launching apimelodixtfg (1)] INFO  o.eclipse.m2e.core.internal.Bundles - 	Entry: C:\Users\gelen\.p2\pool\plugins\org.eclipse.m2e.maven.runtime_3.9.900.20240824-1409\jars\maven-resolver-connector-basic-1.9.22.jar
2025-05-25 04:22:40,301 [Worker-7: Launching apimelodixtfg (1)] INFO  o.eclipse.m2e.core.internal.Bundles - 	Entry: C:\Users\gelen\.p2\pool\plugins\org.eclipse.m2e.maven.runtime_3.9.900.20240824-1409\jars\maven-resolver-impl-1.9.22.jar
2025-05-25 04:22:40,301 [Worker-7: Launching apimelodixtfg (1)] INFO  o.eclipse.m2e.core.internal.Bundles - 	Entry: C:\Users\gelen\.p2\pool\plugins\org.eclipse.m2e.maven.runtime_3.9.900.20240824-1409\jars\maven-resolver-named-locks-1.9.22.jar
2025-05-25 04:22:40,301 [Worker-7: Launching apimelodixtfg (1)] INFO  o.eclipse.m2e.core.internal.Bundles - 	Entry: C:\Users\gelen\.p2\pool\plugins\org.eclipse.m2e.maven.runtime_3.9.900.20240824-1409\jars\maven-resolver-provider-3.9.9.jar
2025-05-25 04:22:40,302 [Worker-7: Launching apimelodixtfg (1)] INFO  o.eclipse.m2e.core.internal.Bundles - 	Entry: C:\Users\gelen\.p2\pool\plugins\org.eclipse.m2e.maven.runtime_3.9.900.20240824-1409\jars\maven-resolver-spi-1.9.22.jar
2025-05-25 04:22:40,302 [Worker-7: Launching apimelodixtfg (1)] INFO  o.eclipse.m2e.core.internal.Bundles - 	Entry: C:\Users\gelen\.p2\pool\plugins\org.eclipse.m2e.maven.runtime_3.9.900.20240824-1409\jars\maven-resolver-transport-file-1.9.22.jar
2025-05-25 04:22:40,302 [Worker-7: Launching apimelodixtfg (1)] INFO  o.eclipse.m2e.core.internal.Bundles - 	Entry: C:\Users\gelen\.p2\pool\plugins\org.eclipse.m2e.maven.runtime_3.9.900.20240824-1409\jars\maven-resolver-transport-http-1.9.22.jar
2025-05-25 04:22:40,302 [Worker-7: Launching apimelodixtfg (1)] INFO  o.eclipse.m2e.core.internal.Bundles - 	Entry: C:\Users\gelen\.p2\pool\plugins\org.eclipse.m2e.maven.runtime_3.9.900.20240824-1409\jars\maven-resolver-transport-wagon-1.9.22.jar
2025-05-25 04:22:40,302 [Worker-7: Launching apimelodixtfg (1)] INFO  o.eclipse.m2e.core.internal.Bundles - 	Entry: C:\Users\gelen\.p2\pool\plugins\org.eclipse.m2e.maven.runtime_3.9.900.20240824-1409\jars\maven-resolver-util-1.9.22.jar
2025-05-25 04:22:40,302 [Worker-7: Launching apimelodixtfg (1)] INFO  o.eclipse.m2e.core.internal.Bundles - 	Entry: C:\Users\gelen\.p2\pool\plugins\org.eclipse.m2e.maven.runtime_3.9.900.20240824-1409\jars\maven-settings-3.9.9.jar
2025-05-25 04:22:40,302 [Worker-7: Launching apimelodixtfg (1)] INFO  o.eclipse.m2e.core.internal.Bundles - 	Entry: C:\Users\gelen\.p2\pool\plugins\org.eclipse.m2e.maven.runtime_3.9.900.20240824-1409\jars\maven-settings-builder-3.9.9.jar
2025-05-25 04:22:40,302 [Worker-7: Launching apimelodixtfg (1)] INFO  o.eclipse.m2e.core.internal.Bundles - 	Entry: C:\Users\gelen\.p2\pool\plugins\org.eclipse.m2e.maven.runtime_3.9.900.20240824-1409\jars\maven-shared-utils-3.4.2.jar
2025-05-25 04:22:40,302 [Worker-7: Launching apimelodixtfg (1)] INFO  o.eclipse.m2e.core.internal.Bundles - 	Entry: C:\Users\gelen\.p2\pool\plugins\org.eclipse.m2e.maven.runtime_3.9.900.20240824-1409\jars\org.eclipse.sisu.inject-0.9.0.M3.jar
2025-05-25 04:22:40,302 [Worker-7: Launching apimelodixtfg (1)] INFO  o.eclipse.m2e.core.internal.Bundles - 	Entry: C:\Users\gelen\.p2\pool\plugins\org.eclipse.m2e.maven.runtime_3.9.900.20240824-1409\jars\org.eclipse.sisu.plexus-0.9.0.M3.jar
2025-05-25 04:22:40,303 [Worker-7: Launching apimelodixtfg (1)] INFO  o.eclipse.m2e.core.internal.Bundles - 	Entry: C:\Users\gelen\.p2\pool\plugins\org.eclipse.m2e.maven.runtime_3.9.900.20240824-1409\jars\plexus-build-api-0.0.7.jar
2025-05-25 04:22:40,303 [Worker-7: Launching apimelodixtfg (1)] INFO  o.eclipse.m2e.core.internal.Bundles - 	Entry: C:\Users\gelen\.p2\pool\plugins\org.eclipse.m2e.maven.runtime_3.9.900.20240824-1409\jars\plexus-build-api-1.2.0.jar
2025-05-25 04:22:40,303 [Worker-7: Launching apimelodixtfg (1)] INFO  o.eclipse.m2e.core.internal.Bundles - 	Entry: C:\Users\gelen\.p2\pool\plugins\org.eclipse.m2e.maven.runtime_3.9.900.20240824-1409\jars\plexus-cipher-2.0.jar
2025-05-25 04:22:40,303 [Worker-7: Launching apimelodixtfg (1)] INFO  o.eclipse.m2e.core.internal.Bundles - 	Entry: C:\Users\gelen\.p2\pool\plugins\org.eclipse.m2e.maven.runtime_3.9.900.20240824-1409\jars\plexus-classworlds-2.8.0.jar
2025-05-25 04:22:40,303 [Worker-7: Launching apimelodixtfg (1)] INFO  o.eclipse.m2e.core.internal.Bundles - 	Entry: C:\Users\gelen\.p2\pool\plugins\org.eclipse.m2e.maven.runtime_3.9.900.20240824-1409\jars\plexus-component-annotations-2.1.0.jar
2025-05-25 04:22:40,303 [Worker-7: Launching apimelodixtfg (1)] INFO  o.eclipse.m2e.core.internal.Bundles - 	Entry: C:\Users\gelen\.p2\pool\plugins\org.eclipse.m2e.maven.runtime_3.9.900.20240824-1409\jars\plexus-interpolation-1.27.jar
2025-05-25 04:22:40,303 [Worker-7: Launching apimelodixtfg (1)] INFO  o.eclipse.m2e.core.internal.Bundles - 	Entry: C:\Users\gelen\.p2\pool\plugins\org.eclipse.m2e.maven.runtime_3.9.900.20240824-1409\jars\plexus-sec-dispatcher-2.0.jar
2025-05-25 04:22:40,303 [Worker-7: Launching apimelodixtfg (1)] INFO  o.eclipse.m2e.core.internal.Bundles - 	Entry: C:\Users\gelen\.p2\pool\plugins\org.eclipse.m2e.maven.runtime_3.9.900.20240824-1409\jars\plexus-utils-3.5.1.jar
2025-05-25 04:22:40,303 [Worker-7: Launching apimelodixtfg (1)] INFO  o.eclipse.m2e.core.internal.Bundles - 	Entry: C:\Users\gelen\.p2\pool\plugins\org.eclipse.m2e.maven.runtime_3.9.900.20240824-1409\jars\plexus-xml-3.0.1.jar
2025-05-25 04:22:40,303 [Worker-7: Launching apimelodixtfg (1)] INFO  o.eclipse.m2e.core.internal.Bundles - 	Entry: C:\Users\gelen\.p2\pool\plugins\org.eclipse.m2e.maven.runtime_3.9.900.20240824-1409\jars\wagon-file-3.5.3.jar
2025-05-25 04:22:40,303 [Worker-7: Launching apimelodixtfg (1)] INFO  o.eclipse.m2e.core.internal.Bundles - 	Entry: C:\Users\gelen\.p2\pool\plugins\org.eclipse.m2e.maven.runtime_3.9.900.20240824-1409\jars\wagon-http-3.5.3.jar
2025-05-25 04:22:40,303 [Worker-7: Launching apimelodixtfg (1)] INFO  o.eclipse.m2e.core.internal.Bundles - 	Entry: C:\Users\gelen\.p2\pool\plugins\org.eclipse.m2e.maven.runtime_3.9.900.20240824-1409\jars\wagon-http-shared-3.5.3.jar
2025-05-25 04:22:40,303 [Worker-7: Launching apimelodixtfg (1)] INFO  o.eclipse.m2e.core.internal.Bundles - 	Entry: C:\Users\gelen\.p2\pool\plugins\org.eclipse.m2e.maven.runtime_3.9.900.20240824-1409\jars\wagon-provider-api-3.5.3.jar
2025-05-25 04:22:40,304 [Worker-7: Launching apimelodixtfg (1)] INFO  o.eclipse.m2e.core.internal.Bundles - getClasspathEntries(Bundle=com.google.guava_33.3.0.jre [10])
2025-05-25 04:22:40,304 [Worker-7: Launching apimelodixtfg (1)] INFO  o.eclipse.m2e.core.internal.Bundles - 	Entry: C:\Users\gelen\.p2\pool\plugins\com.google.guava_33.3.0.jre.jar
2025-05-25 04:22:40,305 [Worker-7: Launching apimelodixtfg (1)] INFO  o.eclipse.m2e.core.internal.Bundles - getClasspathEntries(Bundle=slf4j.api_2.0.16 [521])
2025-05-25 04:22:40,305 [Worker-7: Launching apimelodixtfg (1)] INFO  o.eclipse.m2e.core.internal.Bundles - 	Entry: C:\Users\gelen\.p2\pool\plugins\slf4j.api_2.0.16.jar
2025-05-25 04:22:40,305 [Worker-7: Launching apimelodixtfg (1)] INFO  o.eclipse.m2e.core.internal.Bundles - getClasspathEntries(Bundle=javax.inject_1.0.0.v20091030 [548])
2025-05-25 04:22:40,305 [Worker-7: Launching apimelodixtfg (1)] INFO  o.eclipse.m2e.core.internal.Bundles - 	Entry: C:\Users\gelen\.p2\pool\plugins\javax.inject_1.0.0.v20091030.jar
2025-05-25 04:22:40,305 [Worker-7: Launching apimelodixtfg (1)] INFO  o.eclipse.m2e.core.internal.Bundles - getClasspathEntries(Bundle=javax.annotation_1.3.5.v20200909-1856 [547])
2025-05-25 04:22:40,305 [Worker-7: Launching apimelodixtfg (1)] INFO  o.eclipse.m2e.core.internal.Bundles - 	Entry: C:\Users\gelen\.p2\pool\plugins\javax.annotation_1.3.5.v20200909-1856.jar
2025-05-25 04:22:40,306 [Worker-7: Launching apimelodixtfg (1)] INFO  o.eclipse.m2e.core.internal.Bundles - getClasspathEntries(Bundle=org.apache.commons.cli_1.9.0 [47])
2025-05-25 04:22:40,306 [Worker-7: Launching apimelodixtfg (1)] INFO  o.eclipse.m2e.core.internal.Bundles - 	Entry: C:\Users\gelen\.p2\pool\plugins\org.apache.commons.cli_1.9.0.jar
2025-05-25 04:22:40,306 [Worker-7: Launching apimelodixtfg (1)] INFO  o.eclipse.m2e.core.internal.Bundles - getClasspathEntries(Bundle=org.apache.commons.commons-codec_1.16.0 [50])
2025-05-25 04:22:40,306 [Worker-7: Launching apimelodixtfg (1)] INFO  o.eclipse.m2e.core.internal.Bundles - 	Entry: C:\Users\gelen\.p2\pool\plugins\org.apache.commons.commons-codec_1.16.0.jar
2025-05-25 04:22:40,306 [Worker-7: Launching apimelodixtfg (1)] INFO  o.eclipse.m2e.core.internal.Bundles - getClasspathEntries(Bundle=com.google.guava.failureaccess_1.0.2 [11])
2025-05-25 04:22:40,307 [Worker-7: Launching apimelodixtfg (1)] INFO  o.eclipse.m2e.core.internal.Bundles - 	Entry: C:\Users\gelen\.p2\pool\plugins\com.google.guava.failureaccess_1.0.2.jar
2025-05-25 04:22:40,308 [Worker-7: Launching apimelodixtfg (1)] INFO  o.e.m.i.launch.MavenLaunchDelegate - Run build in "D:\Proyecto Final TFG\Melodix_TFG_ProyectoCompleto\apimelodixtfg":
2025-05-25 04:22:40,308 [Worker-7: Launching apimelodixtfg (1)] INFO  o.e.m.i.launch.MavenLaunchDelegate -  mvn  -B -Dstyle.color=always clean install
